e:\mygit\ivrpro\ivr-pro\ivrframework\x64\debug\vc140.pdb
e:\mygit\ivrpro\ivr-pro\ivrframework\x64\debug\moc_estyle.obj
e:\mygit\ivrpro\ivr-pro\ivrframework\x64\debug\moc_emdiarea.obj
e:\mygit\ivrpro\ivr-pro\ivrframework\x64\debug\moc_emainwindowtitle.obj
e:\mygit\ivrpro\ivr-pro\ivrframework\x64\debug\moc_emainwindow.obj
e:\mygit\ivrpro\ivr-pro\ivrframework\x64\debug\moc_eframelesshelper.obj
e:\mygit\ivrpro\ivr-pro\ivrframework\x64\debug\moc_ebasetitle.obj
e:\mygit\ivrpro\ivr-pro\ivrframework\x64\debug\moc_ebasedialog.obj
e:\mygit\ivrpro\ivr-pro\ivrframework\x64\debug\eicontentmanager.obj
e:\mygit\ivrpro\ivr-pro\ivrframework\x64\debug\ewidgetdata.obj
e:\mygit\ivrpro\ivr-pro\ivrframework\x64\debug\eframelesshelper.obj
e:\mygit\ivrpro\ivr-pro\ivrframework\x64\debug\estyle.obj
e:\mygit\ivrpro\ivr-pro\ivrframework\x64\debug\eservice.obj
e:\mygit\ivrpro\ivr-pro\ivrframework\x64\debug\elanguagemanager.obj
e:\mygit\ivrpro\ivr-pro\ivrframework\x64\debug\eappinfo.obj
e:\mygit\ivrpro\ivr-pro\ivrframework\x64\debug\emdiarea.obj
e:\mygit\ivrpro\ivr-pro\ivrframework\x64\debug\emainwindowtitle.obj
e:\mygit\ivrpro\ivr-pro\ivrframework\x64\debug\emainwindow.obj
e:\mygit\ivrpro\ivr-pro\ivrframework\x64\debug\ebasetitle.obj
e:\mygit\ivrpro\ivr-pro\ivrframework\x64\debug\ebasedialog.obj
e:\mygit\ivrpro\ivr-pro\ivrframework\x64\debug\qrc_resource.obj
e:\mygit\ivrpro\ivr-pro\ivrframework\generatedfiles\debug\moc_eframelesshelper.cpp
e:\mygit\ivrpro\ivr-pro\ivrframework\generatedfiles\debug\moc_emdiarea.cpp
e:\mygit\ivrpro\ivr-pro\ivrframework\generatedfiles\debug\moc_emainwindowtitle.cpp
e:\mygit\ivrpro\ivr-pro\ivrframework\generatedfiles\debug\moc_emainwindow.cpp
e:\mygit\ivrpro\ivr-pro\ivrframework\generatedfiles\debug\moc_ebasetitle.cpp
e:\mygit\ivrpro\ivr-pro\ivrframework\generatedfiles\debug\moc_ebasedialog.cpp
e:\mygit\ivrpro\ivr-pro\ivrframework\generatedfiles\debug\moc_estyle.cpp
e:\mygit\ivrpro\ivr-pro\ivrframework\generatedfiles\qrc_resource.cpp
e:\mygit\ivrpro\output\bind\vs2015\ivrframework.lib
e:\mygit\ivrpro\output\bind\vs2015\ivrframework.exp
e:\mygit\ivrpro\output\bind\vs2015\ivrframework.ilk
e:\mygit\ivrpro\output\bind\vs2015\ivrframework.dll
e:\mygit\ivrpro\output\bind\vs2015\ivrframework.pdb
e:\mygit\ivrpro\ivr-pro\..\output\bind\vs2015\ivrframework.pdb
e:\mygit\ivrpro\ivr-pro\..\output\bind\vs2015\ivrframework.dll
e:\mygit\ivrpro\ivr-pro\..\output\bind\vs2015\ivrframework.ilk
e:\mygit\ivrpro\ivr-pro\ivrframework\x64\debug\ivrframework.tlog\cl.command.1.tlog
e:\mygit\ivrpro\ivr-pro\ivrframework\x64\debug\ivrframework.tlog\cl.read.1.tlog
e:\mygit\ivrpro\ivr-pro\ivrframework\x64\debug\ivrframework.tlog\cl.write.1.tlog
e:\mygit\ivrpro\ivr-pro\ivrframework\x64\debug\ivrframework.tlog\custombuild.command.1.tlog
e:\mygit\ivrpro\ivr-pro\ivrframework\x64\debug\ivrframework.tlog\custombuild.read.1.tlog
e:\mygit\ivrpro\ivr-pro\ivrframework\x64\debug\ivrframework.tlog\custombuild.write.1.tlog
e:\mygit\ivrpro\ivr-pro\ivrframework\x64\debug\ivrframework.tlog\ivrframework.write.1u.tlog
e:\mygit\ivrpro\ivr-pro\ivrframework\x64\debug\ivrframework.tlog\link.command.1.tlog
e:\mygit\ivrpro\ivr-pro\ivrframework\x64\debug\ivrframework.tlog\link.read.1.tlog
e:\mygit\ivrpro\ivr-pro\ivrframework\x64\debug\ivrframework.tlog\link.write.1.tlog
