e:\mygit\ivrpro\ivr-pro\ivrpro\x64\debug\vc140.pdb
e:\mygit\ivrpro\ivr-pro\ivrpro\x64\debug\mainwindow.obj
e:\mygit\ivrpro\ivr-pro\ivrpro\x64\debug\main.obj
e:\mygit\ivrpro\ivr-pro\ivrpro\x64\debug\moc_mainwindow.obj
e:\mygit\ivrpro\ivr-pro\ivrpro\x64\debug\qrc_mainwindow.obj
e:\mygit\ivrpro\ivr-pro\ivrpro\generatedfiles\qrc_mainwindow.cpp
e:\mygit\ivrpro\ivr-pro\ivrpro\generatedfiles\debug\moc_mainwindow.cpp
e:\mygit\ivrpro\output\bind\vs2015\ivrpro.ilk
e:\mygit\ivrpro\output\bind\vs2015\ivrpro.exe
e:\mygit\ivrpro\output\bind\vs2015\ivrpro.pdb
e:\mygit\ivrpro\ivr-pro\..\output\bind\vs2015\ivrpro.pdb
e:\mygit\ivrpro\ivr-pro\..\output\bind\vs2015\ivrpro.exe
e:\mygit\ivrpro\ivr-pro\..\output\bind\vs2015\ivrpro.ilk
e:\mygit\ivrpro\ivr-pro\ivrpro\x64\debug\ivrpro.tlog\cl.command.1.tlog
e:\mygit\ivrpro\ivr-pro\ivrpro\x64\debug\ivrpro.tlog\cl.read.1.tlog
e:\mygit\ivrpro\ivr-pro\ivrpro\x64\debug\ivrpro.tlog\cl.write.1.tlog
e:\mygit\ivrpro\ivr-pro\ivrpro\x64\debug\ivrpro.tlog\custombuild.command.1.tlog
e:\mygit\ivrpro\ivr-pro\ivrpro\x64\debug\ivrpro.tlog\custombuild.read.1.tlog
e:\mygit\ivrpro\ivr-pro\ivrpro\x64\debug\ivrpro.tlog\custombuild.write.1.tlog
e:\mygit\ivrpro\ivr-pro\ivrpro\x64\debug\ivrpro.tlog\link.command.1.tlog
e:\mygit\ivrpro\ivr-pro\ivrpro\x64\debug\ivrpro.tlog\link.read.1.tlog
e:\mygit\ivrpro\ivr-pro\ivrpro\x64\debug\ivrpro.tlog\link.write.1.tlog
